<?xml version="1.0" encoding="utf-8"?><testsuites name="pytest tests"><testsuite name="pytest" errors="0" failures="0" skipped="0" tests="27" time="10.675" timestamp="2026-04-19T17:48:28.533205+00:00" hostname="agent-env-7b603978-2279-49c1-a675-0b838b1346b1"><testcase classname="backend.tests.test_nacurutu_api.TestAuth" name="test_login_super_admin" time="0.907" /><testcase classname="backend.tests.test_nacurutu_api.TestAuth" name="test_login_client" time="0.361" /><testcase classname="backend.tests.test_nacurutu_api.TestAuth" name="test_login_invalid" time="0.334" /><testcase classname="backend.tests.test_nacurutu_api.TestAuth" name="test_me_with_bearer" time="0.202" /><testcase classname="backend.tests.test_nacurutu_api.TestAuth" name="test_me_without_token" time="0.105" /><testcase classname="backend.tests.test_nacurutu_api.TestAuth" name="test_logout" time="0.420" /><testcase classname="backend.tests.test_nacurutu_api.TestOrganizations" name="test_list_orgs_super_sees_all" time="0.238" /><testcase classname="backend.tests.test_nacurutu_api.TestOrganizations" name="test_list_orgs_client_sees_own_only" time="0.600" /><testcase classname="backend.tests.test_nacurutu_api.TestOrganizations" name="test_create_org_super" time="0.244" /><testcase classname="backend.tests.test_nacurutu_api.TestOrganizations" name="test_create_org_client_forbidden" time="0.105" /><testcase classname="backend.tests.test_nacurutu_api.TestOrganizations" name="test_update_org" time="0.263" /><testcase classname="backend.tests.test_nacurutu_api.TestOrganizations" name="test_delete_org_super" time="0.400" /><testcase classname="backend.tests.test_nacurutu_api.TestUsers" name="test_list_users_super" time="0.112" /><testcase classname="backend.tests.test_nacurutu_api.TestUsers" name="test_list_users_client_forbidden" time="0.112" /><testcase classname="backend.tests.test_nacurutu_api.TestUsers" name="test_create_client_user_then_delete" time="2.098" /><testcase classname="backend.tests.test_nacurutu_api.TestUsers" name="test_cannot_delete_self" time="0.115" /><testcase classname="backend.tests.test_nacurutu_api.TestUsers" name="test_create_admin_requires_super" time="0.780" /><testcase classname="backend.tests.test_nacurutu_api.TestAlerts" name="test_create_silent_alert" time="0.108" /><testcase classname="backend.tests.test_nacurutu_api.TestAlerts" name="test_create_normal_alert_with_media" time="0.112" /><testcase classname="backend.tests.test_nacurutu_api.TestAlerts" name="test_list_alerts_client_sees_only_own" time="0.110" /><testcase classname="backend.tests.test_nacurutu_api.TestAlerts" name="test_list_alerts_super_filter_by_type" time="0.112" /><testcase classname="backend.tests.test_nacurutu_api.TestAlerts" name="test_get_alert_detail" time="0.223" /><testcase classname="backend.tests.test_nacurutu_api.TestAlerts" name="test_update_alert_status_flow" time="0.332" /><testcase classname="backend.tests.test_nacurutu_api.TestAlerts" name="test_client_cannot_update_status" time="0.218" /><testcase classname="backend.tests.test_nacurutu_api.TestDashboard" name="test_stats_super" time="0.117" /><testcase classname="backend.tests.test_nacurutu_api.TestDashboard" name="test_stats_client_forbidden" time="0.119" /><testcase classname="backend.tests.test_nacurutu_api.TestMultiTenantIsolation" name="test_admin_of_other_org_cannot_see_foreign_alerts" time="1.721" /></testsuite></testsuites>